[2024-01-11 19:55:45.770] [INFO ] [main] org.springboot.api.ApiApplication Starting ApiApplication using Java 17.0.9 with PID 12092 (D:\WorkSpace\SpringBootGuide\01\api\build\classes\java\main started by dlrjs in D:\WorkSpace\SpringBootGuide\01\api)
[2024-01-11 19:55:45.772] [INFO ] [main] org.springboot.api.ApiApplication No active profile set, falling back to 1 default profile: "default"
[2024-01-11 19:55:46.769] [INFO ] [main] org.springframework.boot.web.embedded.tomcat.TomcatWebServer Tomcat initialized with port 8080 (http)
[2024-01-11 19:55:46.778] [INFO ] [main] org.apache.coyote.http11.Http11NioProtocol Initializing ProtocolHandler ["http-nio-8080"]
[2024-01-11 19:55:46.781] [INFO ] [main] org.apache.catalina.core.StandardService Starting service [Tomcat]
[2024-01-11 19:55:46.783] [INFO ] [main] org.apache.catalina.core.StandardEngine Starting Servlet engine: [Apache Tomcat/10.1.17]
[2024-01-11 19:55:46.850] [INFO ] [main] org.apache.catalina.core.ContainerBase.[Tomcat].[localhost].[/] Initializing Spring embedded WebApplicationContext
[2024-01-11 19:55:46.851] [INFO ] [main] org.springframework.boot.web.servlet.context.ServletWebServerApplicationContext Root WebApplicationContext: initialization completed in 1028 ms
[2024-01-11 19:55:47.819] [INFO ] [main] org.apache.coyote.http11.Http11NioProtocol Starting ProtocolHandler ["http-nio-8080"]
[2024-01-11 19:55:47.840] [INFO ] [main] org.springframework.boot.web.embedded.tomcat.TomcatWebServer Tomcat started on port 8080 (http) with context path ''
[2024-01-11 19:55:47.850] [INFO ] [main] org.springboot.api.ApiApplication Started ApiApplication in 2.735 seconds (process running for 3.84)
[2024-01-11 19:55:55.884] [INFO ] [http-nio-8080-exec-1] org.apache.catalina.core.ContainerBase.[Tomcat].[localhost].[/] Initializing Spring DispatcherServlet 'dispatcherServlet'
[2024-01-11 19:55:55.884] [INFO ] [http-nio-8080-exec-1] org.springframework.web.servlet.DispatcherServlet Initializing Servlet 'dispatcherServlet'
[2024-01-11 19:55:55.885] [INFO ] [http-nio-8080-exec-1] org.springframework.web.servlet.DispatcherServlet Completed initialization in 0 ms
[2024-01-11 19:55:56.475] [INFO ] [http-nio-8080-exec-9] org.springdoc.api.AbstractOpenApiResource Init duration for springdoc-openapi is: 241 ms
[2024-01-11 19:56:06.254] [INFO ] [http-nio-8080-exec-10] org.springboot.api.controller.GetController getHello 메서드가 호출되었습니다.
[2024-01-11 19:56:21.154] [INFO ] [http-nio-8080-exec-1] org.springboot.api.controller.GetController getName 메서드가 호출되었습니다.
[2024-01-11 19:57:55.924] [INFO ] [main] org.springboot.api.ApiApplication Starting ApiApplication using Java 17.0.9 with PID 9292 (D:\WorkSpace\SpringBootGuide\01\api\build\classes\java\main started by dlrjs in D:\WorkSpace\SpringBootGuide\01\api)
[2024-01-11 19:57:55.928] [INFO ] [main] org.springboot.api.ApiApplication No active profile set, falling back to 1 default profile: "default"
[2024-01-11 19:57:56.944] [INFO ] [main] org.springframework.boot.web.embedded.tomcat.TomcatWebServer Tomcat initialized with port 8080 (http)
[2024-01-11 19:57:56.952] [INFO ] [main] org.apache.coyote.http11.Http11NioProtocol Initializing ProtocolHandler ["http-nio-8080"]
[2024-01-11 19:57:56.954] [INFO ] [main] org.apache.catalina.core.StandardService Starting service [Tomcat]
[2024-01-11 19:57:56.954] [INFO ] [main] org.apache.catalina.core.StandardEngine Starting Servlet engine: [Apache Tomcat/10.1.17]
[2024-01-11 19:57:57.011] [INFO ] [main] org.apache.catalina.core.ContainerBase.[Tomcat].[localhost].[/] Initializing Spring embedded WebApplicationContext
[2024-01-11 19:57:57.012] [INFO ] [main] org.springframework.boot.web.servlet.context.ServletWebServerApplicationContext Root WebApplicationContext: initialization completed in 1036 ms
[2024-01-11 19:57:57.890] [INFO ] [main] org.apache.coyote.http11.Http11NioProtocol Starting ProtocolHandler ["http-nio-8080"]
[2024-01-11 19:57:57.911] [INFO ] [main] org.springframework.boot.web.embedded.tomcat.TomcatWebServer Tomcat started on port 8080 (http) with context path ''
[2024-01-11 19:57:57.922] [INFO ] [main] org.springboot.api.ApiApplication Started ApiApplication in 2.541 seconds (process running for 3.143)
[2024-01-11 19:58:11.496] [INFO ] [http-nio-8080-exec-1] org.apache.catalina.core.ContainerBase.[Tomcat].[localhost].[/] Initializing Spring DispatcherServlet 'dispatcherServlet'
[2024-01-11 19:58:11.496] [INFO ] [http-nio-8080-exec-1] org.springframework.web.servlet.DispatcherServlet Initializing Servlet 'dispatcherServlet'
[2024-01-11 19:58:11.498] [INFO ] [http-nio-8080-exec-1] org.springframework.web.servlet.DispatcherServlet Completed initialization in 2 ms
[2024-01-11 19:58:11.528] [INFO ] [http-nio-8080-exec-1] org.springboot.api.controller.GetController @PathVariable을 통해 들어온 값 : test1
